[36mc.a.a.s.i.AspireSpringInitializer       [0;39m [2m:[0;39m ************Initialized Been with cusotm scopes*******##
[36mc.a.a.s.i.AspireSpringInitializer       [0;39m [2m:[0;39m Get Configuration folder name
[36mc.a.a.s.i.AspireSpringInitializer       [0;39m [2m:[0;39m Folder Name Founded in application.properties with value: config/**/*.yml, config/**/*.properties
[36mc.a.a.s.i.AspireSpringInitializer       [0;39m [2m:[0;39m Load yaml files from config/**/*.yml folder: 
[36mc.a.a.s.i.AspireSpringInitializer       [0;39m [2m:[0;39m Load Yaml Resource file [C:\Users\aalhajhasan\Documents\BF-Project\target\test-classes\config\dashboard.yml]
[36mc.a.a.s.i.AspireSpringInitializer       [0;39m [2m:[0;39m Load Yaml Resource file [C:\Users\aalhajhasan\Documents\BF-Project\target\test-classes\config\drivers.yml]
[36mc.a.a.s.i.AspireSpringInitializer       [0;39m [2m:[0;39m Load Yaml Resource file [C:\Users\aalhajhasan\Documents\BF-Project\target\test-classes\config\run_details.yml]
[36mc.a.a.s.i.AspireSpringInitializer       [0;39m [2m:[0;39m End load yml files
[36mc.a.a.s.i.AspireSpringInitializer       [0;39m [2m:[0;39m Load properties files from config/**/*.ymlfolder: 
[36mc.a.a.s.i.AspireSpringInitializer       [0;39m [2m:[0;39m End load Properties files
[36mc.a.a.s.i.AspireSpringInitializer       [0;39m [2m:[0;39m Load yaml files from config/**/*.properties folder: 
[36mc.a.a.s.i.AspireSpringInitializer       [0;39m [2m:[0;39m End load yml files
[36mc.a.a.s.i.AspireSpringInitializer       [0;39m [2m:[0;39m Load properties files from config/**/*.propertiesfolder: 
[36mc.a.a.s.i.AspireSpringInitializer       [0;39m [2m:[0;39m Load Properties Resource file [C:\Users\aalhajhasan\Documents\BF-Project\target\test-classes\config\selectors\gilt\gilt.properties]
[36mc.a.a.s.i.AspireSpringInitializer       [0;39m [2m:[0;39m Load Properties Resource file [C:\Users\aalhajhasan\Documents\BF-Project\target\test-classes\config\selectors\harrods\harrods.properties]
[36mc.a.a.s.i.AspireSpringInitializer       [0;39m [2m:[0;39m Load Properties Resource file [C:\Users\aalhajhasan\Documents\BF-Project\target\test-classes\config\selectors\saks\saks.properties]
[36mc.a.a.s.i.AspireSpringInitializer       [0;39m [2m:[0;39m Load Properties Resource file [C:\Users\aalhajhasan\Documents\BF-Project\target\test-classes\config\variables\gilt\giltVariables.properties]
[36mc.a.a.s.i.AspireSpringInitializer       [0;39m [2m:[0;39m Load Properties Resource file [C:\Users\aalhajhasan\Documents\BF-Project\target\test-classes\config\variables\harrods\harrodsVariables.properties]
[36mc.a.a.s.i.AspireSpringInitializer       [0;39m [2m:[0;39m Load Properties Resource file [C:\Users\aalhajhasan\Documents\BF-Project\target\test-classes\config\variables\saks\saksVariables.properties]
[36mc.a.a.s.i.AspireSpringInitializer       [0;39m [2m:[0;39m End load Properties files
[36mc.a.a.s.i.AspireSpringInitializer       [0;39m [2m:[0;39m initGeneralAspireEnv ** 
[36mory$DuplicateJsonObjectContextCustomizer[0;39m [2m:[0;39m 

Found multiple occurrences of org.json.JSONObject on the class path:

	jar:file:/C:/Users/aalhajhasan/.m2/repository/com/vaadin/external/google/android-json/0.0.20131108.vaadin1/android-json-0.0.20131108.vaadin1.jar!/org/json/JSONObject.class
	jar:file:/C:/Users/aalhajhasan/.m2/repository/org/json/json/20140107/json-20140107.jar!/org/json/JSONObject.class

You may wish to exclude one of them to ensure predictable runtime behaviour

[36ma.w.u.s.i.AspireWebUtilSpringInitializer[0;39m [2m:[0;39m Initializing AspireWebUtilSpringInitializer
[36m.a.s.t.AspireAutomationBFApplicationTest[0;39m [2m:[0;39m No active profile set, falling back to default profiles: default
[36mationConfigEmbeddedWebApplicationContext[0;39m [2m:[0;39m Refreshing org.springframework.boot.context.embedded.AnnotationConfigEmbeddedWebApplicationContext@2b037cfc: startup date [Wed Mar 14 14:02:29 EET 2018]; parent: org.springframework.context.annotation.AnnotationConfigApplicationContext@acb0951
